<?xml version="1.0" encoding="UTF-8"?>
<!-- Generated by org.testng.reporters.JUnitReportReporter -->
<testsuite hostname="vaishnavi" failures="0" tests="2" name="basic.execution" time="12.442" errors="0" timestamp="2023-12-04T11:02:11 IST" skipped="0">
  <testcase classname="basic.execution" name="zomato" time="4.684"/>
  <system-out/>
  <testcase classname="basic.execution" name="swiggy" time="7.758"/>
  <system-out/>
</testsuite> <!-- basic.execution -->
