<?xml version="1.0" encoding="UTF-8"?>
<!-- Generated by org.testng.reporters.JUnitReportReporter -->
<testsuite hostname="vaishnavi" failures="0" tests="1" name="framework.test1" time="11.443" errors="0" timestamp="2023-12-04T09:59:10 IST" skipped="0">
  <testcase classname="framework.test1" name="facebook" time="11.443"/>
  <system-out/>
</testsuite> <!-- framework.test1 -->
