<?xml version="1.0" encoding="UTF-8"?>
<!-- Generated by org.testng.reporters.JUnitReportReporter -->
<testsuite hostname="vaishnavi" failures="0" tests="1" name="framework.test1" time="7.884" errors="0" timestamp="2023-12-02T10:12:21 IST" skipped="0">
  <testcase classname="framework.test1" name="facebook" time="7.884"/>
  <system-out/>
</testsuite> <!-- framework.test1 -->
