<?xml version="1.0" encoding="UTF-8"?>
<!-- Generated by org.testng.reporters.JUnitReportReporter -->
<testsuite hostname="vaishnavi" failures="0" tests="1" name="basic.readdataexelTest" time="16.411" errors="0" timestamp="2023-12-05T09:56:48 IST" skipped="0">
  <testcase classname="basic.readdataexelTest" name="mvnTest" time="16.411"/>
  <system-out/>
</testsuite> <!-- basic.readdataexelTest -->
